<?xml version="1.0" encoding="UTF-8" standalone="no"?>
<testsuite errors="0" failures="1" name="io.cucumber.core.plugin.JUnitFormatter" skipped="0" tests="2" time="35.987">
<testcase classname="Search Feature" name="TC01_iphone_search" time="17.877">
<system-out><![CDATA[Given user is on the google page............................................passed
When user search for iPhone on google.......................................passed
Then verify the page title contains iPhone..................................passed
Then close the application..................................................passed
]]></system-out>
</testcase>
<testcase classname="failed_test_cases" name="TC_01" time="17.924">
<failure message="" type="java.lang.AssertionError"><![CDATA[Given user is on the google page............................................passed
And user search for "iphone" on the google..................................passed
Then verify test case fails.................................................failed

StackTrace:
java.lang.AssertionError
	at org.junit.Assert.fail(Assert.java:87)
	at org.junit.Assert.assertTrue(Assert.java:42)
	at org.junit.Assert.assertTrue(Assert.java:53)
	at stepdefinitions.GoogleStepDefs.verify_test_case_fails(GoogleStepDefs.java:71)
	at âœ½.verify test case fails(file:///Users/techproed/IdeaProjects/mycucumberproject/src/test/resources/features/day22_failed_scenario_test.feature:7)
]]></failure>
</testcase>
</testsuite>
